<?xml version="1.0" encoding="UTF-8"?>
<testng-results skipped="0" failed="0" total="1" passed="1">
  <reporter-output>
  </reporter-output>
  <suite name="Default suite" duration-ms="32" started-at="2019-11-13T04:14:36Z" finished-at="2019-11-13T04:14:36Z">
    <groups>
    </groups>
    <test name="Default test" duration-ms="32" started-at="2019-11-13T04:14:36Z" finished-at="2019-11-13T04:14:36Z">
      <class name="Check">
        <test-method status="PASS" signature="beforesuite()[pri:0, instance:Check@71e7a66b]" name="beforesuite" is-config="true" duration-ms="12" started-at="2019-11-13T09:44:36Z" finished-at="2019-11-13T09:44:36Z">
          <reporter-output>
          </reporter-output>
        </test-method> <!-- beforesuite -->
        <test-method status="PASS" signature="beforetest()[pri:0, instance:Check@71e7a66b]" name="beforetest" is-config="true" duration-ms="1" started-at="2019-11-13T09:44:36Z" finished-at="2019-11-13T09:44:36Z">
          <reporter-output>
          </reporter-output>
        </test-method> <!-- beforetest -->
        <test-method status="PASS" signature="beforeclass()[pri:0, instance:Check@71e7a66b]" name="beforeclass" is-config="true" duration-ms="0" started-at="2019-11-13T09:44:36Z" finished-at="2019-11-13T09:44:36Z">
          <reporter-output>
          </reporter-output>
        </test-method> <!-- beforeclass -->
        <test-method status="PASS" signature="beforemethod()[pri:0, instance:Check@71e7a66b]" name="beforemethod" is-config="true" duration-ms="0" started-at="2019-11-13T09:44:36Z" finished-at="2019-11-13T09:44:36Z">
          <reporter-output>
          </reporter-output>
        </test-method> <!-- beforemethod -->
        <test-method status="PASS" signature="f()[pri:0, instance:Check@71e7a66b]" name="f" duration-ms="15" started-at="2019-11-13T09:44:36Z" finished-at="2019-11-13T09:44:36Z">
          <reporter-output>
          </reporter-output>
        </test-method> <!-- f -->
        <test-method status="PASS" signature="aftermethod()[pri:0, instance:Check@71e7a66b]" name="aftermethod" is-config="true" duration-ms="1" started-at="2019-11-13T09:44:36Z" finished-at="2019-11-13T09:44:36Z">
          <reporter-output>
          </reporter-output>
        </test-method> <!-- aftermethod -->
        <test-method status="PASS" signature="afterclass()[pri:0, instance:Check@71e7a66b]" name="afterclass" is-config="true" duration-ms="0" started-at="2019-11-13T09:44:36Z" finished-at="2019-11-13T09:44:36Z">
          <reporter-output>
          </reporter-output>
        </test-method> <!-- afterclass -->
        <test-method status="PASS" signature="aftertest()[pri:0, instance:Check@71e7a66b]" name="aftertest" is-config="true" duration-ms="1" started-at="2019-11-13T09:44:36Z" finished-at="2019-11-13T09:44:36Z">
          <reporter-output>
          </reporter-output>
        </test-method> <!-- aftertest -->
        <test-method status="PASS" signature="aftersuite()[pri:0, instance:Check@71e7a66b]" name="aftersuite" is-config="true" duration-ms="1" started-at="2019-11-13T09:44:36Z" finished-at="2019-11-13T09:44:36Z">
          <reporter-output>
          </reporter-output>
        </test-method> <!-- aftersuite -->
      </class> <!-- Check -->
    </test> <!-- Default test -->
  </suite> <!-- Default suite -->
</testng-results>
